#
# There is insufficient memory for the Java Runtime Environment to continue.
# Native memory allocation (malloc) failed to allocate 1213536 bytes for Chunk::new
# Possible reasons:
#   The system is out of physical RAM or swap space
#   The process is running with CompressedOops enabled, and the Java Heap may be blocking the growth of the native heap
# Possible solutions:
#   Reduce memory load on the system
#   Increase physical memory or swap space
#   Check if swap backing store is full
#   Decrease Java heap size (-Xmx/-Xms)
#   Decrease number of Java threads
#   Decrease Java thread stack sizes (-Xss)
#   Set larger code cache with -XX:ReservedCodeCacheSize=
#   JVM is running with Unscaled Compressed Oops mode in which the Java heap is
#     placed in the first 4GB address space. The Java Heap base address is the
#     maximum limit for the native heap growth. Please use -XX:HeapBaseMinAddress
#     to set the Java Heap base and to place the Java Heap above 4GB virtual address.
# This output file may be truncated or incomplete.
#
#  Out of Memory Error (arena.cpp:189), pid=14748, tid=9884
#
# JRE version: OpenJDK Runtime Environment (17.0.7) (build 17.0.7+0-b2043.56-10550314)
# Java VM: OpenJDK 64-Bit Server VM (17.0.7+0-b2043.56-10550314, mixed mode, tiered, compressed oops, compressed class ptrs, g1 gc, windows-amd64)
# No core dump will be written. Minidumps are not enabled by default on client versions of Windows
#

---------------  S U M M A R Y ------------

Command Line: org.jetbrains.kotlin.cli.jvm.K2JVMCompiler @C:\Users\ACER\AndroidStudioProjects\calculadora4\app\build\20240816_14644544578900824502.compiler.options

Host: AMD Ryzen 3 3250U with Radeon Graphics         , 4 cores, 3G,  Windows 11 , 64 bit Build 22621 (10.0.22621.3958)
Time: Fri Aug 16 18:52:58 2024 Hora est. Pacífico, Sudamérica elapsed time: 14.387114 seconds (0d 0h 0m 14s)

---------------  T H R E A D  ---------------

Current thread (0x0000024b56ca2120):  JavaThread "C2 CompilerThread0" daemon [_thread_in_native, id=9884, stack(0x000000c787000000,0x000000c787100000)]


Current CompileTask:
C2:  14387 4258   !   4       jdk.internal.loader.BuiltinClassLoader::findClassOnClassPathOrNull (64 bytes)

Stack: [0x000000c787000000,0x000000c787100000]
Native frames: (J=compiled Java code, j=interpreted, Vv=VM code, C=native code)
V  [jvm.dll+0x683bfa]
V  [jvm.dll+0x8430a4]
V  [jvm.dll+0x8449be]
V  [jvm.dll+0x845023]
V  [jvm.dll+0x24ad2f]
V  [jvm.dll+0xac25c]
V  [jvm.dll+0xac82c]
V  [jvm.dll+0x2b218f]
V  [jvm.dll+0x58c2f7]
V  [jvm.dll+0x225a12]
V  [jvm.dll+0x225def]
V  [jvm.dll+0x21f0b5]
V  [jvm.dll+0x21c56b]
V  [jvm.dll+0x1a605d]
V  [jvm.dll+0x22c148]
V  [jvm.dll+0x22a209]
V  [jvm.dll+0x7f858c]
V  [jvm.dll+0x7f2aea]
V  [jvm.dll+0x682a35]
C  [ucrtbase.dll+0x29333]
C  [KERNEL32.DLL+0x1257d]
C  [ntdll.dll+0x5af28]


---------------  P R O C E S S  ---------------

Threads class SMR info:
_java_thread_list=0x0000024b5b108160, length=12, elements={
0x0000024b402b0e10, 0x0000024b56c68260, 0x0000024b56c6b880, 0x0000024b56c9d570,
0x0000024b56ca0030, 0x0000024b56ca09e0, 0x0000024b56ca1390, 0x0000024b56ca2120,
0x0000024b56cddf90, 0x0000024b5b03d710, 0x0000024b5b1298a0, 0x0000024b5b142010
}

Java Threads: ( => current thread )
  0x0000024b402b0e10 JavaThread "main" [_thread_in_vm, id=16656, stack(0x000000c786300000,0x000000c786400000)]
  0x0000024b56c68260 JavaThread "Reference Handler" daemon [_thread_blocked, id=8828, stack(0x000000c786a00000,0x000000c786b00000)]
  0x0000024b56c6b880 JavaThread "Finalizer" daemon [_thread_blocked, id=5816, stack(0x000000c786b00000,0x000000c786c00000)]
  0x0000024b56c9d570 JavaThread "Signal Dispatcher" daemon [_thread_blocked, id=15172, stack(0x000000c786c00000,0x000000c786d00000)]
  0x0000024b56ca0030 JavaThread "Attach Listener" daemon [_thread_blocked, id=9716, stack(0x000000c786d00000,0x000000c786e00000)]
  0x0000024b56ca09e0 JavaThread "Service Thread" daemon [_thread_blocked, id=14484, stack(0x000000c786e00000,0x000000c786f00000)]
  0x0000024b56ca1390 JavaThread "Monitor Deflation Thread" daemon [_thread_blocked, id=9560, stack(0x000000c786f00000,0x000000c787000000)]
=>0x0000024b56ca2120 JavaThread "C2 CompilerThread0" daemon [_thread_in_native, id=9884, stack(0x000000c787000000,0x000000c787100000)]
  0x0000024b56cddf90 JavaThread "C1 CompilerThread0" daemon [_thread_blocked, id=9360, stack(0x000000c787100000,0x000000c787200000)]
  0x0000024b5b03d710 JavaThread "Sweeper thread" daemon [_thread_blocked, id=15428, stack(0x000000c787200000,0x000000c787300000)]
  0x0000024b5b1298a0 JavaThread "Notification Thread" daemon [_thread_blocked, id=9632, stack(0x000000c787300000,0x000000c787400000)]
  0x0000024b5b142010 JavaThread "Common-Cleaner" daemon [_thread_blocked, id=17276, stack(0x000000c787500000,0x000000c787600000)]

Other Threads:
  0x0000024b56c45fa0 VMThread "VM Thread" [stack: 0x000000c786900000,0x000000c786a00000] [id=14080]
  0x0000024b5b12bd80 WatcherThread [stack: 0x000000c787400000,0x000000c787500000] [id=9908]
  0x0000024b402eacc0 GCTaskThread "GC Thread#0" [stack: 0x000000c786400000,0x000000c786500000] [id=5372]
  0x0000024b5b5bf590 GCTaskThread "GC Thread#1" [stack: 0x000000c787600000,0x000000c787700000] [id=9700]
  0x0000024b5b5e8af0 GCTaskThread "GC Thread#2" [stack: 0x000000c787700000,0x000000c787800000] [id=18348]
  0x0000024b5b5d5870 GCTaskThread "GC Thread#3" [stack: 0x000000c787800000,0x000000c787900000] [id=10744]
  0x0000024b402f2a40 ConcurrentGCThread "G1 Main Marker" [stack: 0x000000c786500000,0x000000c786600000] [id=8372]
  0x0000024b402f3450 ConcurrentGCThread "G1 Conc#0" [stack: 0x000000c786600000,0x000000c786700000] [id=688]
  0x0000024b4032ee30 ConcurrentGCThread "G1 Refine#0" [stack: 0x000000c786700000,0x000000c786800000] [id=10600]
  0x0000024b5bec2010 ConcurrentGCThread "G1 Refine#1" [stack: 0x000000c787900000,0x000000c787a00000] [id=14204]
  0x0000024b5ba12680 ConcurrentGCThread "G1 Refine#2" [stack: 0x000000c787a00000,0x000000c787b00000] [id=13564]
  0x0000024b5dccbba0 ConcurrentGCThread "G1 Refine#3" [stack: 0x000000c787b00000,0x000000c787c00000] [id=17784]
  0x0000024b4032f850 ConcurrentGCThread "G1 Service" [stack: 0x000000c786800000,0x000000c786900000] [id=13740]

Threads with active compile tasks:
C2 CompilerThread0    14447 4258   !   4       jdk.internal.loader.BuiltinClassLoader::findClassOnClassPathOrNull (64 bytes)

VM state: not at safepoint (normal execution)

VM Mutex/Monitor currently owned by a thread: None

Heap address: 0x00000000c8e00000, size: 882 MB, Compressed Oops mode: 32-bit

CDS archive(s) not mapped
Compressed class space mapped at: 0x0000000100000000-0x0000000140000000, reserved size: 1073741824
Narrow klass base: 0x0000000000000000, Narrow klass shift: 3, Narrow klass range: 0x140000000

GC Precious Log:
 CPUs: 4 total, 4 available
 Memory: 3521M
 Large Page Support: Disabled
 NUMA Support: Disabled
 Compressed Oops: Enabled (32-bit)
 Heap Region Size: 1M
 Heap Min Capacity: 8M
 Heap Initial Capacity: 56M
 Heap Max Capacity: 882M
 Pre-touch: Disabled
 Parallel Workers: 4
 Concurrent Workers: 1
 Concurrent Refinement Workers: 4
 Periodic GC: Disabled

Heap:
 garbage-first heap   total 106496K, used 49575K [0x00000000c8e00000, 0x0000000100000000)
  region size 1024K, 15 young (15360K), 1 survivors (1024K)
 Metaspace       used 46855K, committed 47104K, reserved 1114112K
  class space    used 5537K, committed 5632K, reserved 1048576K

Heap Regions: E=young(eden), S=young(survivor), O=old, HS=humongous(starts), HC=humongous(continues), CS=collection set, F=free, OA=open archive, CA=closed archive, TAMS=top-at-mark-start (previous, next)
|   0|0x00000000c8e00000, 0x00000000c8f00000, 0x00000000c8f00000|100%|HS|  |TAMS 0x00000000c8f00000, 0x00000000c8e00000| Complete 
|   1|0x00000000c8f00000, 0x00000000c9000000, 0x00000000c9000000|100%|HC|  |TAMS 0x00000000c9000000, 0x00000000c8f00000| Complete 
|   2|0x00000000c9000000, 0x00000000c9100000, 0x00000000c9100000|100%|HC|  |TAMS 0x00000000c9100000, 0x00000000c9000000| Complete 
|   3|0x00000000c9100000, 0x00000000c9200000, 0x00000000c9200000|100%|HC|  |TAMS 0x00000000c9200000, 0x00000000c9100000| Complete 
|   4|0x00000000c9200000, 0x00000000c9300000, 0x00000000c9300000|100%| O|  |TAMS 0x00000000c9300000, 0x00000000c9200000| Untracked 
|   5|0x00000000c9300000, 0x00000000c9400000, 0x00000000c9400000|100%| O|  |TAMS 0x00000000c9400000, 0x00000000c9300000| Untracked 
|   6|0x00000000c9400000, 0x00000000c9500000, 0x00000000c9500000|100%| O|  |TAMS 0x00000000c9500000, 0x00000000c9400000| Untracked 
|   7|0x00000000c9500000, 0x00000000c9600000, 0x00000000c9600000|100%| O|  |TAMS 0x00000000c9600000, 0x00000000c9500000| Untracked 
|   8|0x00000000c9600000, 0x00000000c9700000, 0x00000000c9700000|100%| O|  |TAMS 0x00000000c9700000, 0x00000000c9600000| Untracked 
|   9|0x00000000c9700000, 0x00000000c9800000, 0x00000000c9800000|100%| O|  |TAMS 0x00000000c9800000, 0x00000000c9700000| Untracked 
|  10|0x00000000c9800000, 0x00000000c9900000, 0x00000000c9900000|100%| O|  |TAMS 0x00000000c9900000, 0x00000000c9800000| Untracked 
|  11|0x00000000c9900000, 0x00000000c9a00000, 0x00000000c9a00000|100%| O|  |TAMS 0x00000000c9900000, 0x00000000c9900000| Untracked 
|  12|0x00000000c9a00000, 0x00000000c9b00000, 0x00000000c9b00000|100%| O|  |TAMS 0x00000000c9b00000, 0x00000000c9a00000| Untracked 
|  13|0x00000000c9b00000, 0x00000000c9c00000, 0x00000000c9c00000|100%| O|  |TAMS 0x00000000c9c00000, 0x00000000c9b00000| Untracked 
|  14|0x00000000c9c00000, 0x00000000c9d00000, 0x00000000c9d00000|100%| O|  |TAMS 0x00000000c9d00000, 0x00000000c9c00000| Untracked 
|  15|0x00000000c9d00000, 0x00000000c9e00000, 0x00000000c9e00000|100%| O|  |TAMS 0x00000000c9e00000, 0x00000000c9d00000| Untracked 
|  16|0x00000000c9e00000, 0x00000000c9e00000, 0x00000000c9f00000|  0%| F|  |TAMS 0x00000000c9e00000, 0x00000000c9e00000| Untracked 
|  17|0x00000000c9f00000, 0x00000000ca000000, 0x00000000ca000000|100%| O|  |TAMS 0x00000000ca000000, 0x00000000c9f00000| Untracked 
|  18|0x00000000ca000000, 0x00000000ca100000, 0x00000000ca100000|100%|HS|  |TAMS 0x00000000ca100000, 0x00000000ca000000| Complete 
|  19|0x00000000ca100000, 0x00000000ca200000, 0x00000000ca200000|100%|HC|  |TAMS 0x00000000ca200000, 0x00000000ca100000| Complete 
|  20|0x00000000ca200000, 0x00000000ca300000, 0x00000000ca300000|100%| O|  |TAMS 0x00000000ca300000, 0x00000000ca200000| Untracked 
|  21|0x00000000ca300000, 0x00000000ca400000, 0x00000000ca400000|100%| O|  |TAMS 0x00000000ca400000, 0x00000000ca300000| Untracked 
|  22|0x00000000ca400000, 0x00000000ca500000, 0x00000000ca500000|100%| O|  |TAMS 0x00000000ca500000, 0x00000000ca400000| Untracked 
|  23|0x00000000ca500000, 0x00000000ca600000, 0x00000000ca600000|100%| O|  |TAMS 0x00000000ca600000, 0x00000000ca500000| Untracked 
|  24|0x00000000ca600000, 0x00000000ca700000, 0x00000000ca700000|100%| O|  |TAMS 0x00000000ca700000, 0x00000000ca600000| Untracked 
|  25|0x00000000ca700000, 0x00000000ca800000, 0x00000000ca800000|100%| O|  |TAMS 0x00000000ca800000, 0x00000000ca700000| Untracked 
|  26|0x00000000ca800000, 0x00000000ca900000, 0x00000000ca900000|100%| O|  |TAMS 0x00000000ca800000, 0x00000000ca800000| Untracked 
|  27|0x00000000ca900000, 0x00000000caa00000, 0x00000000caa00000|100%| O|  |TAMS 0x00000000ca900000, 0x00000000ca900000| Untracked 
|  28|0x00000000caa00000, 0x00000000cab00000, 0x00000000cab00000|100%| O|  |TAMS 0x00000000caa00000, 0x00000000caa00000| Untracked 
|  29|0x00000000cab00000, 0x00000000cac00000, 0x00000000cac00000|100%| O|  |TAMS 0x00000000cab00000, 0x00000000cab00000| Untracked 
|  30|0x00000000cac00000, 0x00000000cad00000, 0x00000000cad00000|100%| O|  |TAMS 0x00000000cac00000, 0x00000000cac00000| Untracked 
|  31|0x00000000cad00000, 0x00000000cae00000, 0x00000000cae00000|100%| O|  |TAMS 0x00000000cad00000, 0x00000000cad00000| Untracked 
|  32|0x00000000cae00000, 0x00000000caf00000, 0x00000000caf00000|100%| O|  |TAMS 0x00000000cae00000, 0x00000000cae00000| Untracked 
|  33|0x00000000caf00000, 0x00000000cb000000, 0x00000000cb000000|100%| O|  |TAMS 0x00000000caf00000, 0x00000000caf00000| Untracked 
|  34|0x00000000cb000000, 0x00000000cb069c00, 0x00000000cb100000| 41%| O|  |TAMS 0x00000000cb000000, 0x00000000cb000000| Untracked 
|  35|0x00000000cb100000, 0x00000000cb100000, 0x00000000cb200000|  0%| F|  |TAMS 0x00000000cb100000, 0x00000000cb100000| Untracked 
|  36|0x00000000cb200000, 0x00000000cb200000, 0x00000000cb300000|  0%| F|  |TAMS 0x00000000cb200000, 0x00000000cb200000| Untracked 
|  37|0x00000000cb300000, 0x00000000cb300000, 0x00000000cb400000|  0%| F|  |TAMS 0x00000000cb300000, 0x00000000cb300000| Untracked 
|  38|0x00000000cb400000, 0x00000000cb400000, 0x00000000cb500000|  0%| F|  |TAMS 0x00000000cb400000, 0x00000000cb400000| Untracked 
|  39|0x00000000cb500000, 0x00000000cb500000, 0x00000000cb600000|  0%| F|  |TAMS 0x00000000cb500000, 0x00000000cb500000| Untracked 
|  40|0x00000000cb600000, 0x00000000cb600000, 0x00000000cb700000|  0%| F|  |TAMS 0x00000000cb600000, 0x00000000cb600000| Untracked 
|  41|0x00000000cb700000, 0x00000000cb700000, 0x00000000cb800000|  0%| F|  |TAMS 0x00000000cb700000, 0x00000000cb700000| Untracked 
|  42|0x00000000cb800000, 0x00000000cb800000, 0x00000000cb900000|  0%| F|  |TAMS 0x00000000cb800000, 0x00000000cb800000| Untracked 
|  43|0x00000000cb900000, 0x00000000cb900000, 0x00000000cba00000|  0%| F|  |TAMS 0x00000000cb900000, 0x00000000cb900000| Untracked 
|  44|0x00000000cba00000, 0x00000000cba00000, 0x00000000cbb00000|  0%| F|  |TAMS 0x00000000cba00000, 0x00000000cba00000| Untracked 
|  45|0x00000000cbb00000, 0x00000000cbb00000, 0x00000000cbc00000|  0%| F|  |TAMS 0x00000000cbb00000, 0x00000000cbb00000| Untracked 
|  46|0x00000000cbc00000, 0x00000000cbc00000, 0x00000000cbd00000|  0%| F|  |TAMS 0x00000000cbc00000, 0x00000000cbc00000| Untracked 
|  47|0x00000000cbd00000, 0x00000000cbd00000, 0x00000000cbe00000|  0%| F|  |TAMS 0x00000000cbd00000, 0x00000000cbd00000| Untracked 
|  48|0x00000000cbe00000, 0x00000000cbe00000, 0x00000000cbf00000|  0%| F|  |TAMS 0x00000000cbe00000, 0x00000000cbe00000| Untracked 
|  49|0x00000000cbf00000, 0x00000000cbf00000, 0x00000000cc000000|  0%| F|  |TAMS 0x00000000cbf00000, 0x00000000cbf00000| Untracked 
|  50|0x00000000cc000000, 0x00000000cc000000, 0x00000000cc100000|  0%| F|  |TAMS 0x00000000cc000000, 0x00000000cc000000| Untracked 
|  51|0x00000000cc100000, 0x00000000cc100000, 0x00000000cc200000|  0%| F|  |TAMS 0x00000000cc100000, 0x00000000cc100000| Untracked 
|  52|0x00000000cc200000, 0x00000000cc200000, 0x00000000cc300000|  0%| F|  |TAMS 0x00000000cc200000, 0x00000000cc200000| Untracked 
|  53|0x00000000cc300000, 0x00000000cc300000, 0x00000000cc400000|  0%| F|  |TAMS 0x00000000cc300000, 0x00000000cc300000| Untracked 
|  54|0x00000000cc400000, 0x00000000cc400000, 0x00000000cc500000|  0%| F|  |TAMS 0x00000000cc400000, 0x00000000cc400000| Untracked 
|  55|0x00000000cc500000, 0x00000000cc500000, 0x00000000cc600000|  0%| F|  |TAMS 0x00000000cc500000, 0x00000000cc500000| Untracked 
|  56|0x00000000cc600000, 0x00000000cc600000, 0x00000000cc700000|  0%| F|  |TAMS 0x00000000cc600000, 0x00000000cc600000| Untracked 
|  57|0x00000000cc700000, 0x00000000cc700000, 0x00000000cc800000|  0%| F|  |TAMS 0x00000000cc700000, 0x00000000cc700000| Untracked 
|  58|0x00000000cc800000, 0x00000000cc800000, 0x00000000cc900000|  0%| F|  |TAMS 0x00000000cc800000, 0x00000000cc800000| Untracked 
|  59|0x00000000cc900000, 0x00000000cc900000, 0x00000000cca00000|  0%| F|  |TAMS 0x00000000cc900000, 0x00000000cc900000| Untracked 
|  60|0x00000000cca00000, 0x00000000cca00000, 0x00000000ccb00000|  0%| F|  |TAMS 0x00000000cca00000, 0x00000000cca00000| Untracked 
|  61|0x00000000ccb00000, 0x00000000ccb00000, 0x00000000ccc00000|  0%| F|  |TAMS 0x00000000ccb00000, 0x00000000ccb00000| Untracked 
|  62|0x00000000ccc00000, 0x00000000ccc00000, 0x00000000ccd00000|  0%| F|  |TAMS 0x00000000ccc00000, 0x00000000ccc00000| Untracked 
|  63|0x00000000ccd00000, 0x00000000ccd00000, 0x00000000cce00000|  0%| F|  |TAMS 0x00000000ccd00000, 0x00000000ccd00000| Untracked 
|  64|0x00000000cce00000, 0x00000000cce00000, 0x00000000ccf00000|  0%| F|  |TAMS 0x00000000cce00000, 0x00000000cce00000| Untracked 
|  65|0x00000000ccf00000, 0x00000000ccf00000, 0x00000000cd000000|  0%| F|  |TAMS 0x00000000ccf00000, 0x00000000ccf00000| Untracked 
|  66|0x00000000cd000000, 0x00000000cd000000, 0x00000000cd100000|  0%| F|  |TAMS 0x00000000cd000000, 0x00000000cd000000| Untracked 
|  67|0x00000000cd100000, 0x00000000cd100000, 0x00000000cd200000|  0%| F|  |TAMS 0x00000000cd100000, 0x00000000cd100000| Untracked 
|  68|0x00000000cd200000, 0x00000000cd200000, 0x00000000cd300000|  0%| F|  |TAMS 0x00000000cd200000, 0x00000000cd200000| Untracked 
|  69|0x00000000cd300000, 0x00000000cd300000, 0x00000000cd400000|  0%| F|  |TAMS 0x00000000cd300000, 0x00000000cd300000| Untracked 
|  70|0x00000000cd400000, 0x00000000cd400000, 0x00000000cd500000|  0%| F|  |TAMS 0x00000000cd400000, 0x00000000cd400000| Untracked 
|  71|0x00000000cd500000, 0x00000000cd500000, 0x00000000cd600000|  0%| F|  |TAMS 0x00000000cd500000, 0x00000000cd500000| Untracked 
|  72|0x00000000cd600000, 0x00000000cd600000, 0x00000000cd700000|  0%| F|  |TAMS 0x00000000cd600000, 0x00000000cd600000| Untracked 
|  73|0x00000000cd700000, 0x00000000cd700000, 0x00000000cd800000|  0%| F|  |TAMS 0x00000000cd700000, 0x00000000cd700000| Untracked 
|  74|0x00000000cd800000, 0x00000000cd800000, 0x00000000cd900000|  0%| F|  |TAMS 0x00000000cd800000, 0x00000000cd800000| Untracked 
|  75|0x00000000cd900000, 0x00000000cd900000, 0x00000000cda00000|  0%| F|  |TAMS 0x00000000cd900000, 0x00000000cd900000| Untracked 
|  76|0x00000000cda00000, 0x00000000cda00000, 0x00000000cdb00000|  0%| F|  |TAMS 0x00000000cda00000, 0x00000000cda00000| Untracked 
|  77|0x00000000cdb00000, 0x00000000cdb00000, 0x00000000cdc00000|  0%| F|  |TAMS 0x00000000cdb00000, 0x00000000cdb00000| Untracked 
|  78|0x00000000cdc00000, 0x00000000cdc00000, 0x00000000cdd00000|  0%| F|  |TAMS 0x00000000cdc00000, 0x00000000cdc00000| Untracked 
|  79|0x00000000cdd00000, 0x00000000cdd00000, 0x00000000cde00000|  0%| F|  |TAMS 0x00000000cdd00000, 0x00000000cdd00000| Untracked 
|  80|0x00000000cde00000, 0x00000000cde00000, 0x00000000cdf00000|  0%| F|  |TAMS 0x00000000cde00000, 0x00000000cde00000| Untracked 
|  81|0x00000000cdf00000, 0x00000000cdf00000, 0x00000000ce000000|  0%| F|  |TAMS 0x00000000cdf00000, 0x00000000cdf00000| Untracked 
|  82|0x00000000ce000000, 0x00000000ce000000, 0x00000000ce100000|  0%| F|  |TAMS 0x00000000ce000000, 0x00000000ce000000| Untracked 
|  83|0x00000000ce100000, 0x00000000ce100000, 0x00000000ce200000|  0%| F|  |TAMS 0x00000000ce100000, 0x00000000ce100000| Untracked 
|  84|0x00000000ce200000, 0x00000000ce200000, 0x00000000ce300000|  0%| F|  |TAMS 0x00000000ce200000, 0x00000000ce200000| Untracked 
|  85|0x00000000ce300000, 0x00000000ce300000, 0x00000000ce400000|  0%| F|  |TAMS 0x00000000ce300000, 0x00000000ce300000| Untracked 
|  86|0x00000000ce400000, 0x00000000ce400000, 0x00000000ce500000|  0%| F|  |TAMS 0x00000000ce400000, 0x00000000ce400000| Untracked 
|  87|0x00000000ce500000, 0x00000000ce500000, 0x00000000ce600000|  0%| F|  |TAMS 0x00000000ce500000, 0x00000000ce500000| Untracked 
|  88|0x00000000ce600000, 0x00000000ce680918, 0x00000000ce700000| 50%| E|  |TAMS 0x00000000ce600000, 0x00000000ce600000| Complete 
|  89|0x00000000ce700000, 0x00000000ce800000, 0x00000000ce800000|100%| E|CS|TAMS 0x00000000ce700000, 0x00000000ce700000| Complete 
|  90|0x00000000ce800000, 0x00000000ce900000, 0x00000000ce900000|100%| E|CS|TAMS 0x00000000ce800000, 0x00000000ce800000| Complete 
|  91|0x00000000ce900000, 0x00000000cea00000, 0x00000000cea00000|100%| E|CS|TAMS 0x00000000ce900000, 0x00000000ce900000| Complete 
|  92|0x00000000cea00000, 0x00000000ceb00000, 0x00000000ceb00000|100%| E|CS|TAMS 0x00000000cea00000, 0x00000000cea00000| Complete 
|  93|0x00000000ceb00000, 0x00000000cec00000, 0x00000000cec00000|100%| E|CS|TAMS 0x00000000ceb00000, 0x00000000ceb00000| Complete 
|  94|0x00000000cec00000, 0x00000000ced00000, 0x00000000ced00000|100%| E|CS|TAMS 0x00000000cec00000, 0x00000000cec00000| Complete 
|  95|0x00000000ced00000, 0x00000000cee00000, 0x00000000cee00000|100%| E|CS|TAMS 0x00000000ced00000, 0x00000000ced00000| Complete 
|  96|0x00000000cee00000, 0x00000000cef00000, 0x00000000cef00000|100%| E|CS|TAMS 0x00000000cee00000, 0x00000000cee00000| Complete 
|  97|0x00000000cef00000, 0x00000000cf000000, 0x00000000cf000000|100%| E|CS|TAMS 0x00000000cef00000, 0x00000000cef00000| Complete 
|  98|0x00000000cf000000, 0x00000000cf100000, 0x00000000cf100000|100%| E|CS|TAMS 0x00000000cf000000, 0x00000000cf000000| Complete 
|  99|0x00000000cf100000, 0x00000000cf200000, 0x00000000cf200000|100%| E|CS|TAMS 0x00000000cf100000, 0x00000000cf100000| Complete 
| 108|0x00000000cfa00000, 0x00000000cfb00000, 0x00000000cfb00000|100%| E|CS|TAMS 0x00000000cfa00000, 0x00000000cfa00000| Complete 
| 109|0x00000000cfb00000, 0x00000000cfc00000, 0x00000000cfc00000|100%| S|CS|TAMS 0x00000000cfb00000, 0x00000000cfb00000| Complete 
| 110|0x00000000cfc00000, 0x00000000cfd00000, 0x00000000cfd00000|100%| E|CS|TAMS 0x00000000cfc00000, 0x00000000cfc00000| Complete 
| 881|0x00000000fff00000, 0x0000000100000000, 0x0000000100000000|100%| O|  |TAMS 0x0000000100000000, 0x00000000fff00000| Untracked 

Card table byte_map: [0x0000024b52780000,0x0000024b52940000] _byte_map_base: 0x0000024b52139000

Marking Bits (Prev, Next): (CMBitMap*) 0x0000024b402eb2d0, (CMBitMap*) 0x0000024b402eb310
 Prev Bits: [0x0000024b52b00000, 0x0000024b538c8000)
 Next Bits: [0x0000024b538d0000, 0x0000024b54698000)

Polling page: 0x0000024b3e260000

Metaspace:

Usage:
  Non-class:     40.37 MB used.
      Class:      5.41 MB used.
       Both:     45.78 MB used.

Virtual space:
  Non-class space:       64.00 MB reserved,      40.50 MB ( 63%) committed,  1 nodes.
      Class space:        1.00 GB reserved,       5.50 MB ( <1%) committed,  1 nodes.
             Both:        1.06 GB reserved,      46.00 MB (  4%) committed. 

Chunk freelists:
   Non-Class:  7.09 MB
       Class:  10.47 MB
        Both:  17.56 MB

MaxMetaspaceSize: unlimited
CompressedClassSpaceSize: 1.00 GB
Initial GC threshold: 21.00 MB
Current GC threshold: 67.50 MB
CDS: off
MetaspaceReclaimPolicy: balanced
 - commit_granule_bytes: 65536.
 - commit_granule_words: 8192.
 - virtual_space_node_default_size: 8388608.
 - enlarge_chunks_in_place: 1.
 - new_chunks_are_fully_committed: 0.
 - uncommit_free_chunks: 1.
 - use_allocation_guard: 0.
 - handle_deallocations: 1.


Internal statistics:

num_allocs_failed_limit: 6.
num_arena_births: 148.
num_arena_deaths: 0.
num_vsnodes_births: 2.
num_vsnodes_deaths: 0.
num_space_committed: 734.
num_space_uncommitted: 0.
num_chunks_returned_to_freelist: 6.
num_chunks_taken_from_freelist: 1478.
num_chunk_merges: 6.
num_chunk_splits: 1248.
num_chunks_enlarged: 1143.
num_inconsistent_stats: 0.

CodeHeap 'non-profiled nmethods': size=120000Kb used=1482Kb max_used=1482Kb free=118517Kb
 bounds [0x0000024b4b250000, 0x0000024b4b4c0000, 0x0000024b52780000]
CodeHeap 'profiled nmethods': size=120000Kb used=8621Kb max_used=8621Kb free=111378Kb
 bounds [0x0000024b43780000, 0x0000024b43ff0000, 0x0000024b4acb0000]
CodeHeap 'non-nmethods': size=5760Kb used=1276Kb max_used=1332Kb free=4483Kb
 bounds [0x0000024b4acb0000, 0x0000024b4af20000, 0x0000024b4b250000]
 total_blobs=4820 nmethods=4236 adapters=495
 compilation: enabled
              stopped_count=0, restarted_count=0
 full_count=0

Compilation events (20 events):
Event: 14.331 Thread 0x0000024b56cddf90 nmethod 4264 0x0000024b4b3c0a90 code [0x0000024b4b3c0c20, 0x0000024b4b3c0cf8]
Event: 14.331 Thread 0x0000024b56cddf90 4265       1       org.jetbrains.kotlin.config.MavenComparableVersion$IntegerItem::getType (2 bytes)
Event: 14.331 Thread 0x0000024b56cddf90 nmethod 4265 0x0000024b4b3c0d90 code [0x0000024b4b3c0f20, 0x0000024b4b3c0ff8]
Event: 14.335 Thread 0x0000024b56cddf90 4266       1       org.jetbrains.kotlin.descriptors.impl.LazyPackageViewDescriptorImpl::getModule (5 bytes)
Event: 14.335 Thread 0x0000024b56cddf90 nmethod 4266 0x0000024b4b3c1090 code [0x0000024b4b3c1220, 0x0000024b4b3c12f8]
Event: 14.348 Thread 0x0000024b56cddf90 4268       3       org.jetbrains.kotlin.config.MavenComparableVersion$IntegerItem::compareTo (105 bytes)
Event: 14.350 Thread 0x0000024b56cddf90 nmethod 4268 0x0000024b43fdda10 code [0x0000024b43fddcc0, 0x0000024b43fde8f8]
Event: 14.350 Thread 0x0000024b56cddf90 4267       1       org.jetbrains.kotlin.config.MavenComparableVersion$ListItem::getType (2 bytes)
Event: 14.350 Thread 0x0000024b56cddf90 nmethod 4267 0x0000024b4b3c1390 code [0x0000024b4b3c1520, 0x0000024b4b3c15f8]
Event: 14.373 Thread 0x0000024b56cddf90 4269       3       org.jetbrains.kotlin.com.intellij.extapi.psi.StubBasedPsiElementBase::getStub (14 bytes)
Event: 14.374 Thread 0x0000024b56cddf90 nmethod 4269 0x0000024b43fdec90 code [0x0000024b43fdee60, 0x0000024b43fdf188]
Event: 14.379 Thread 0x0000024b56cddf90 4270       1       org.jetbrains.kotlin.config.LanguageVersionSettingsImpl::getApiVersion (5 bytes)
Event: 14.380 Thread 0x0000024b56cddf90 nmethod 4270 0x0000024b4b3c1690 code [0x0000024b4b3c1820, 0x0000024b4b3c18f8]
Event: 14.380 Thread 0x0000024b56cddf90 4273       1       org.jetbrains.kotlin.types.TypeSubstitution::approximateCapturedTypes (2 bytes)
Event: 14.380 Thread 0x0000024b56cddf90 nmethod 4273 0x0000024b4b3c1990 code [0x0000024b4b3c1b20, 0x0000024b4b3c1bf8]
Event: 14.380 Thread 0x0000024b56cddf90 4276       3       org.jetbrains.kotlin.types.KotlinType::computeHashCode (53 bytes)
Event: 14.381 Thread 0x0000024b56cddf90 nmethod 4276 0x0000024b43fdf310 code [0x0000024b43fdf520, 0x0000024b43fdfb08]
Event: 14.381 Thread 0x0000024b56cddf90 4277       3       org.jetbrains.kotlin.serialization.deserialization.descriptors.DeserializedClassDescriptor$DeserializedClassTypeConstructor::getParameters (13 bytes)
Event: 14.381 Thread 0x0000024b56cddf90 nmethod 4277 0x0000024b43fdfc90 code [0x0000024b43fdfe40, 0x0000024b43fe0108]
Event: 14.381 Thread 0x0000024b56cddf90 4278       3       org.jetbrains.kotlin.types.TypeConstructorSubstitution$Companion::create (216 bytes)

GC Heap History (20 events):
Event: 9.520 GC heap before
{Heap before GC invocations=9 (full 0):
 garbage-first heap   total 35840K, used 24789K [0x00000000c8e00000, 0x0000000100000000)
  region size 1024K, 12 young (12288K), 2 survivors (2048K)
 Metaspace       used 33960K, committed 34176K, reserved 1114112K
  class space    used 4131K, committed 4224K, reserved 1048576K
}
Event: 9.527 GC heap after
{Heap after GC invocations=10 (full 0):
 garbage-first heap   total 46080K, used 16963K [0x00000000c8e00000, 0x0000000100000000)
  region size 1024K, 2 young (2048K), 2 survivors (2048K)
 Metaspace       used 33960K, committed 34176K, reserved 1114112K
  class space    used 4131K, committed 4224K, reserved 1048576K
}
Event: 9.868 GC heap before
{Heap before GC invocations=10 (full 0):
 garbage-first heap   total 46080K, used 26179K [0x00000000c8e00000, 0x0000000100000000)
  region size 1024K, 13 young (13312K), 2 survivors (2048K)
 Metaspace       used 35927K, committed 36096K, reserved 1114112K
  class space    used 4364K, committed 4480K, reserved 1048576K
}
Event: 9.875 GC heap after
{Heap after GC invocations=11 (full 0):
 garbage-first heap   total 46080K, used 17258K [0x00000000c8e00000, 0x0000000100000000)
  region size 1024K, 2 young (2048K), 2 survivors (2048K)
 Metaspace       used 35927K, committed 36096K, reserved 1114112K
  class space    used 4364K, committed 4480K, reserved 1048576K
}
Event: 10.688 GC heap before
{Heap before GC invocations=12 (full 0):
 garbage-first heap   total 46080K, used 32618K [0x00000000c8e00000, 0x0000000100000000)
  region size 1024K, 18 young (18432K), 2 survivors (2048K)
 Metaspace       used 40273K, committed 40512K, reserved 1114112K
  class space    used 4936K, committed 5056K, reserved 1048576K
}
Event: 10.696 GC heap after
{Heap after GC invocations=13 (full 0):
 garbage-first heap   total 46080K, used 18576K [0x00000000c8e00000, 0x0000000100000000)
  region size 1024K, 3 young (3072K), 3 survivors (3072K)
 Metaspace       used 40273K, committed 40512K, reserved 1114112K
  class space    used 4936K, committed 5056K, reserved 1048576K
}
Event: 10.761 GC heap before
{Heap before GC invocations=13 (full 0):
 garbage-first heap   total 46080K, used 19600K [0x00000000c8e00000, 0x0000000100000000)
  region size 1024K, 4 young (4096K), 3 survivors (3072K)
 Metaspace       used 40552K, committed 40768K, reserved 1114112K
  class space    used 4964K, committed 5056K, reserved 1048576K
}
Event: 10.769 GC heap after
{Heap after GC invocations=14 (full 0):
 garbage-first heap   total 46080K, used 18467K [0x00000000c8e00000, 0x0000000100000000)
  region size 1024K, 1 young (1024K), 1 survivors (1024K)
 Metaspace       used 40552K, committed 40768K, reserved 1114112K
  class space    used 4964K, committed 5056K, reserved 1048576K
}
Event: 11.142 GC heap before
{Heap before GC invocations=14 (full 0):
 garbage-first heap   total 46080K, used 32803K [0x00000000c8e00000, 0x0000000100000000)
  region size 1024K, 14 young (14336K), 1 survivors (1024K)
 Metaspace       used 41233K, committed 41408K, reserved 1114112K
  class space    used 5027K, committed 5120K, reserved 1048576K
}
Event: 11.150 GC heap after
{Heap after GC invocations=15 (full 0):
 garbage-first heap   total 46080K, used 23460K [0x00000000c8e00000, 0x0000000100000000)
  region size 1024K, 2 young (2048K), 2 survivors (2048K)
 Metaspace       used 41233K, committed 41408K, reserved 1114112K
  class space    used 5027K, committed 5120K, reserved 1048576K
}
Event: 11.272 GC heap before
{Heap before GC invocations=16 (full 0):
 garbage-first heap   total 48128K, used 34724K [0x00000000c8e00000, 0x0000000100000000)
  region size 1024K, 13 young (13312K), 2 survivors (2048K)
 Metaspace       used 41281K, committed 41472K, reserved 1114112K
  class space    used 5027K, committed 5120K, reserved 1048576K
}
Event: 11.283 GC heap after
{Heap after GC invocations=17 (full 0):
 garbage-first heap   total 48128K, used 26891K [0x00000000c8e00000, 0x0000000100000000)
  region size 1024K, 2 young (2048K), 2 survivors (2048K)
 Metaspace       used 41281K, committed 41472K, reserved 1114112K
  class space    used 5027K, committed 5120K, reserved 1048576K
}
Event: 11.302 GC heap before
{Heap before GC invocations=17 (full 0):
 garbage-first heap   total 48128K, used 27915K [0x00000000c8e00000, 0x0000000100000000)
  region size 1024K, 3 young (3072K), 2 survivors (2048K)
 Metaspace       used 41297K, committed 41472K, reserved 1114112K
  class space    used 5027K, committed 5120K, reserved 1048576K
}
Event: 11.312 GC heap after
{Heap after GC invocations=18 (full 0):
 garbage-first heap   total 48128K, used 27007K [0x00000000c8e00000, 0x0000000100000000)
  region size 1024K, 1 young (1024K), 1 survivors (1024K)
 Metaspace       used 41297K, committed 41472K, reserved 1114112K
  class space    used 5027K, committed 5120K, reserved 1048576K
}
Event: 11.355 GC heap before
{Heap before GC invocations=18 (full 0):
 garbage-first heap   total 48128K, used 36223K [0x00000000c8e00000, 0x0000000100000000)
  region size 1024K, 10 young (10240K), 1 survivors (1024K)
 Metaspace       used 41327K, committed 41472K, reserved 1114112K
  class space    used 5027K, committed 5120K, reserved 1048576K
}
Event: 11.362 GC heap after
{Heap after GC invocations=19 (full 0):
 garbage-first heap   total 114688K, used 28450K [0x00000000c8e00000, 0x0000000100000000)
  region size 1024K, 2 young (2048K), 2 survivors (2048K)
 Metaspace       used 41327K, committed 41472K, reserved 1114112K
  class space    used 5027K, committed 5120K, reserved 1048576K
}
Event: 13.492 GC heap before
{Heap before GC invocations=20 (full 0):
 garbage-first heap   total 106496K, used 76578K [0x00000000c8e00000, 0x0000000100000000)
  region size 1024K, 49 young (50176K), 2 survivors (2048K)
 Metaspace       used 44962K, committed 45184K, reserved 1114112K
  class space    used 5323K, committed 5440K, reserved 1048576K
}
Event: 13.535 GC heap after
{Heap after GC invocations=21 (full 0):
 garbage-first heap   total 106496K, used 35548K [0x00000000c8e00000, 0x0000000100000000)
  region size 1024K, 7 young (7168K), 7 survivors (7168K)
 Metaspace       used 44962K, committed 45184K, reserved 1114112K
  class space    used 5323K, committed 5440K, reserved 1048576K
}
Event: 13.555 GC heap before
{Heap before GC invocations=21 (full 0):
 garbage-first heap   total 106496K, used 36572K [0x00000000c8e00000, 0x0000000100000000)
  region size 1024K, 8 young (8192K), 7 survivors (7168K)
 Metaspace       used 44989K, committed 45184K, reserved 1114112K
  class space    used 5327K, committed 5440K, reserved 1048576K
}
Event: 13.572 GC heap after
{Heap after GC invocations=22 (full 0):
 garbage-first heap   total 106496K, used 36263K [0x00000000c8e00000, 0x0000000100000000)
  region size 1024K, 1 young (1024K), 1 survivors (1024K)
 Metaspace       used 44989K, committed 45184K, reserved 1114112K
  class space    used 5327K, committed 5440K, reserved 1048576K
}

Dll operation events (2 events):
Event: 0.044 Loaded shared library C:\Program Files\Android\Android Studio1\jbr\bin\java.dll
Event: 4.892 Loaded shared library C:\Program Files\Android\Android Studio1\jbr\bin\verify.dll

Deoptimization events (20 events):
Event: 13.049 Thread 0x0000024b402b0e10 Uncommon trap: trap_request=0xffffff45 fr.pc=0x0000024b4b315f14 relative=0x0000000000000094
Event: 13.049 Thread 0x0000024b402b0e10 Uncommon trap: reason=unstable_if action=reinterpret pc=0x0000024b4b315f14 method=java.util.HashMap.hash(Ljava/lang/Object;)I @ 1 c2
Event: 13.049 Thread 0x0000024b402b0e10 DEOPT PACKING pc=0x0000024b4b315f14 sp=0x000000c7863fcdd0
Event: 13.049 Thread 0x0000024b402b0e10 DEOPT UNPACKING pc=0x0000024b4ad069a3 sp=0x000000c7863fcd68 mode 2
Event: 13.244 Thread 0x0000024b402b0e10 DEOPT PACKING pc=0x0000024b43922cbe sp=0x000000c7863fa4d0
Event: 13.244 Thread 0x0000024b402b0e10 DEOPT UNPACKING pc=0x0000024b4ad07143 sp=0x000000c7863f9948 mode 0
Event: 13.328 Thread 0x0000024b402b0e10 Uncommon trap: trap_request=0xffffff45 fr.pc=0x0000024b4b351be8 relative=0x0000000000000c48
Event: 13.328 Thread 0x0000024b402b0e10 Uncommon trap: reason=unstable_if action=reinterpret pc=0x0000024b4b351be8 method=org.jetbrains.kotlin.metadata.ProtoBuf$Type.getSerializedSize()I @ 176 c2
Event: 13.328 Thread 0x0000024b402b0e10 DEOPT PACKING pc=0x0000024b4b351be8 sp=0x000000c7863faee0
Event: 13.328 Thread 0x0000024b402b0e10 DEOPT UNPACKING pc=0x0000024b4ad069a3 sp=0x000000c7863faea0 mode 2
Event: 13.552 Thread 0x0000024b402b0e10 DEOPT PACKING pc=0x0000024b43922cbe sp=0x000000c7863fbec0
Event: 13.552 Thread 0x0000024b402b0e10 DEOPT UNPACKING pc=0x0000024b4ad07143 sp=0x000000c7863fb338 mode 0
Event: 13.586 Thread 0x0000024b402b0e10 Uncommon trap: trap_request=0xffffff45 fr.pc=0x0000024b4b39be54 relative=0x0000000000000414
Event: 13.586 Thread 0x0000024b402b0e10 Uncommon trap: reason=unstable_if action=reinterpret pc=0x0000024b4b39be54 method=java.util.HashMap.getNode(Ljava/lang/Object;)Ljava/util/HashMap$Node; @ 131 c2
Event: 13.586 Thread 0x0000024b402b0e10 DEOPT PACKING pc=0x0000024b4b39be54 sp=0x000000c7863fc180
Event: 13.586 Thread 0x0000024b402b0e10 DEOPT UNPACKING pc=0x0000024b4ad069a3 sp=0x000000c7863fc020 mode 2
Event: 14.048 Thread 0x0000024b402b0e10 Uncommon trap: trap_request=0xffffff45 fr.pc=0x0000024b4b35efc0 relative=0x0000000000000220
Event: 14.048 Thread 0x0000024b402b0e10 Uncommon trap: reason=unstable_if action=reinterpret pc=0x0000024b4b35efc0 method=org.jetbrains.kotlin.name.Name.hashCode()I @ 16 c2
Event: 14.048 Thread 0x0000024b402b0e10 DEOPT PACKING pc=0x0000024b4b35efc0 sp=0x000000c7863fd790
Event: 14.049 Thread 0x0000024b402b0e10 DEOPT UNPACKING pc=0x0000024b4ad069a3 sp=0x000000c7863fd728 mode 2

Classes unloaded (0 events):
No events

Classes redefined (0 events):
No events

Internal exceptions (20 events):
Event: 4.421 Thread 0x0000024b402b0e10 Exception <a 'java/lang/NoSuchMethodError'{0x00000000cb6da278}: 'int java.lang.invoke.DirectMethodHandle$Holder.invokeStaticInit(java.lang.Object, java.lang.Object, java.lang.Object)'> (0x00000000cb6da278) 
thrown [s\src\hotspot\share\interpreter\linkResolver.cpp, line 771]
Event: 4.439 Thread 0x0000024b402b0e10 Exception <a 'java/lang/NoSuchMethodError'{0x00000000cb5037e8}: 'int java.lang.invoke.DirectMethodHandle$Holder.invokeStaticInit(java.lang.Object, java.lang.Object)'> (0x00000000cb5037e8) 
thrown [s\src\hotspot\share\interpreter\linkResolver.cpp, line 771]
Event: 4.486 Thread 0x0000024b402b0e10 Exception <a 'java/lang/NoSuchMethodError'{0x00000000cb5e3858}: 'void java.lang.invoke.DirectMethodHandle$Holder.invokeSpecial(java.lang.Object, java.lang.Object, java.lang.Object)'> (0x00000000cb5e3858) 
thrown [s\src\hotspot\share\interpreter\linkResolver.cpp, line 771]
Event: 4.680 Thread 0x0000024b402b0e10 Exception <a 'java/lang/NoSuchMethodError'{0x00000000cc3094d0}: 'void java.lang.invoke.DirectMethodHandle$Holder.invokeStatic(java.lang.Object, java.lang.Object, java.lang.Object, java.lang.Object)'> (0x00000000cc3094d0) 
thrown [s\src\hotspot\share\interpreter\linkResolver.cpp, line 771]
Event: 4.818 Thread 0x0000024b402b0e10 Exception <a 'java/lang/NoSuchMethodError'{0x00000000cbf03040}: 'void java.lang.invoke.DirectMethodHandle$Holder.invokeStaticInit(java.lang.Object, java.lang.Object)'> (0x00000000cbf03040) 
thrown [s\src\hotspot\share\interpreter\linkResolver.cpp, line 771]
Event: 5.017 Thread 0x0000024b402b0e10 Exception <a 'java/lang/NoSuchMethodError'{0x00000000cbbbfc60}: 'void java.lang.invoke.DirectMethodHandle$Holder.invokeVirtual(java.lang.Object, java.lang.Object)'> (0x00000000cbbbfc60) 
thrown [s\src\hotspot\share\interpreter\linkResolver.cpp, line 771]
Event: 5.034 Thread 0x0000024b402b0e10 Exception <a 'java/lang/NoSuchMethodError'{0x00000000cba39f88}: 'int java.lang.invoke.DirectMethodHandle$Holder.invokeVirtual(java.lang.Object, java.lang.Object)'> (0x00000000cba39f88) 
thrown [s\src\hotspot\share\interpreter\linkResolver.cpp, line 771]
Event: 5.067 Thread 0x0000024b402b0e10 Exception <a 'java/lang/NoSuchMethodError'{0x00000000cbaf6168}: 'java.lang.Object java.lang.invoke.Invokers$Holder.invokeExact_MT(java.lang.Object, java.lang.Object, java.lang.Object, java.lang.Object, java.lang.Object, java.lang.Object)'> (0x00000000cbaf6168) 
thrown [s\src\hotspot\share\interpreter\linkResolver.cpp, line 771]
Event: 7.104 Thread 0x0000024b402b0e10 Implicit null exception at 0x0000024b4b2735f2 to 0x0000024b4b273bbc
Event: 7.578 Thread 0x0000024b402b0e10 Implicit null exception at 0x0000024b4b2791f2 to 0x0000024b4b2797cc
Event: 7.819 Thread 0x0000024b402b0e10 Exception <a 'java/lang/NoSuchMethodError'{0x00000000cac48568}: 'java.lang.Object java.lang.invoke.DirectMethodHandle$Holder.invokeVirtual(java.lang.Object, java.lang.Object, java.lang.Object)'> (0x00000000cac48568) 
thrown [s\src\hotspot\share\interpreter\linkResolver.cpp, line 771]
Event: 10.111 Thread 0x0000024b402b0e10 Exception <a 'java/lang/NoSuchMethodError'{0x00000000cb5a2d08}: 'java.lang.Object java.lang.invoke.DirectMethodHandle$Holder.newInvokeSpecial(java.lang.Object, java.lang.Object, java.lang.Object, int)'> (0x00000000cb5a2d08) 
thrown [s\src\hotspot\share\interpreter\linkResolver.cpp, line 771]
Event: 10.112 Thread 0x0000024b402b0e10 Exception <a 'java/lang/NoSuchMethodError'{0x00000000cb5a7390}: 'java.lang.Object java.lang.invoke.DirectMethodHandle$Holder.invokeSpecial(java.lang.Object, java.lang.Object, java.lang.Object, java.lang.Object, int)'> (0x00000000cb5a7390) 
thrown [s\src\hotspot\share\interpreter\linkResolver.cpp, line 771]
Event: 10.112 Thread 0x0000024b402b0e10 Exception <a 'java/lang/NoSuchMethodError'{0x00000000cb5ab200}: 'java.lang.Object java.lang.invoke.Invokers$Holder.linkToTargetMethod(java.lang.Object, java.lang.Object, int, java.lang.Object)'> (0x00000000cb5ab200) 
thrown [s\src\hotspot\share\interpreter\linkResolver.cpp, line 771]
Event: 10.539 Thread 0x0000024b402b0e10 Exception <a 'java/lang/NoSuchMethodError'{0x00000000cabf3330}: 'java.lang.Object java.lang.invoke.DirectMethodHandle$Holder.newInvokeSpecial(java.lang.Object, java.lang.Object, int)'> (0x00000000cabf3330) 
thrown [s\src\hotspot\share\interpreter\linkResolver.cpp, line 771]
Event: 11.684 Thread 0x0000024b402b0e10 Exception <a 'java/lang/NoSuchMethodError'{0x00000000ceb184b0}: 'java.lang.Object java.lang.invoke.DirectMethodHandle$Holder.newInvokeSpecial(java.lang.Object, int, java.lang.Object)'> (0x00000000ceb184b0) 
thrown [s\src\hotspot\share\interpreter\linkResolver.cpp, line 771]
Event: 11.686 Thread 0x0000024b402b0e10 Exception <a 'java/lang/NoSuchMethodError'{0x00000000ceb1ea90}: 'int java.lang.invoke.DirectMethodHandle$Holder.invokeInterface(java.lang.Object, java.lang.Object)'> (0x00000000ceb1ea90) 
thrown [s\src\hotspot\share\interpreter\linkResolver.cpp, line 771]
Event: 13.048 Thread 0x0000024b402b0e10 Implicit null exception at 0x0000024b4b301b71 to 0x0000024b4b301d54
Event: 13.049 Thread 0x0000024b402b0e10 Implicit null exception at 0x0000024b4b315e8f to 0x0000024b4b315f05
Event: 14.041 Thread 0x0000024b402b0e10 Exception <a 'java/lang/NoSuchMethodError'{0x00000000ceb8e358}: 'java.lang.Object java.lang.invoke.DirectMethodHandle$Holder.newInvokeSpecial(java.lang.Object, java.lang.Object, java.lang.Object, java.lang.Object, java.lang.Object)'> (0x00000000ceb8e358) 
thrown [s\src\hotspot\share\interpreter\linkResolver.cpp, line 771]

VM Operations (20 events):
Event: 12.946 Executing VM operation: ICBufferFull
Event: 12.946 Executing VM operation: ICBufferFull done
Event: 13.052 Executing VM operation: ICBufferFull
Event: 13.053 Executing VM operation: ICBufferFull done
Event: 13.383 Executing VM operation: ICBufferFull
Event: 13.383 Executing VM operation: ICBufferFull done
Event: 13.492 Executing VM operation: G1CollectForAllocation
Event: 13.535 Executing VM operation: G1CollectForAllocation done
Event: 13.555 Executing VM operation: G1CollectForAllocation
Event: 13.572 Executing VM operation: G1CollectForAllocation done
Event: 13.597 Executing VM operation: HandshakeAllThreads
Event: 13.597 Executing VM operation: HandshakeAllThreads done
Event: 13.693 Executing VM operation: HandshakeAllThreads
Event: 13.693 Executing VM operation: HandshakeAllThreads done
Event: 13.757 Executing VM operation: HandshakeAllThreads
Event: 13.757 Executing VM operation: HandshakeAllThreads done
Event: 13.899 Executing VM operation: HandshakeAllThreads
Event: 13.899 Executing VM operation: HandshakeAllThreads done
Event: 14.247 Executing VM operation: HandshakeAllThreads
Event: 14.247 Executing VM operation: HandshakeAllThreads done

Events (20 events):
Event: 11.460 loading class java/util/stream/ReduceOps$AccumulatingSink done
Event: 11.460 loading class java/util/stream/ReduceOps$Box
Event: 11.460 loading class java/util/stream/ReduceOps$Box done
Event: 11.460 loading class java/util/stream/ReduceOps$3ReducingSink done
Event: 11.460 loading class java/util/stream/ReferencePipeline$2$1
Event: 11.460 loading class java/util/stream/ReferencePipeline$2$1 done
Event: 11.460 loading class java/util/stream/IntPipeline$1$1
Event: 11.460 loading class java/util/stream/Sink$ChainedInt
Event: 11.460 loading class java/util/stream/Sink$OfInt
Event: 11.460 loading class java/util/function/IntConsumer
Event: 11.460 loading class java/util/function/IntConsumer done
Event: 11.460 loading class java/util/stream/Sink$OfInt done
Event: 11.460 loading class java/util/stream/Sink$ChainedInt done
Event: 11.460 loading class java/util/stream/IntPipeline$1$1 done
Event: 11.713 loading class java/util/function/IntUnaryOperator
Event: 11.713 loading class java/util/function/IntUnaryOperator done
Event: 12.029 loading class java/util/RegularEnumSet$EnumSetIterator
Event: 12.029 loading class java/util/RegularEnumSet$EnumSetIterator done
Event: 12.030 loading class java/util/Collections$SingletonMap
Event: 12.030 loading class java/util/Collections$SingletonMap done


Dynamic libraries:
0x00007ff7e1410000 - 0x00007ff7e141a000 	C:\Program Files\Android\Android Studio1\jbr\bin\java.exe
0x00007ffa2aad0000 - 0x00007ffa2ace7000 	C:\WINDOWS\SYSTEM32\ntdll.dll
0x00007ffa2a100000 - 0x00007ffa2a1c4000 	C:\WINDOWS\System32\KERNEL32.DLL
0x00007ffa27f10000 - 0x00007ffa282bd000 	C:\WINDOWS\System32\KERNELBASE.dll
0x00007ffa282c0000 - 0x00007ffa283d1000 	C:\WINDOWS\System32\ucrtbase.dll
0x00007ffa104a0000 - 0x00007ffa104b7000 	C:\Program Files\Android\Android Studio1\jbr\bin\jli.dll
0x00007ffa10340000 - 0x00007ffa1035b000 	C:\Program Files\Android\Android Studio1\jbr\bin\VCRUNTIME140.dll
0x00007ffa2a710000 - 0x00007ffa2a8be000 	C:\WINDOWS\System32\USER32.dll
0x00007ffa28520000 - 0x00007ffa28546000 	C:\WINDOWS\System32\win32u.dll
0x00007ffa12300000 - 0x00007ffa12593000 	C:\WINDOWS\WinSxS\amd64_microsoft.windows.common-controls_6595b64144ccf1df_6.0.22621.3672_none_2713b9d173822955\COMCTL32.dll
0x00007ffa29650000 - 0x00007ffa29679000 	C:\WINDOWS\System32\GDI32.dll
0x00007ffa294a0000 - 0x00007ffa29547000 	C:\WINDOWS\System32\msvcrt.dll
0x00007ffa27df0000 - 0x00007ffa27f09000 	C:\WINDOWS\System32\gdi32full.dll
0x00007ffa28730000 - 0x00007ffa287ca000 	C:\WINDOWS\System32\msvcp_win.dll
0x00007ffa29690000 - 0x00007ffa296c1000 	C:\WINDOWS\System32\IMM32.DLL
0x00007ffa137f0000 - 0x00007ffa137fc000 	C:\Program Files\Android\Android Studio1\jbr\bin\vcruntime140_1.dll
0x00007ffa0f4c0000 - 0x00007ffa0f54d000 	C:\Program Files\Android\Android Studio1\jbr\bin\msvcp140.dll
0x00007ff9f3cd0000 - 0x00007ff9f4950000 	C:\Program Files\Android\Android Studio1\jbr\bin\server\jvm.dll
0x00007ffa28a00000 - 0x00007ffa28ab2000 	C:\WINDOWS\System32\ADVAPI32.dll
0x00007ffa293f0000 - 0x00007ffa29499000 	C:\WINDOWS\System32\sechost.dll
0x00007ffa287d0000 - 0x00007ffa287f8000 	C:\WINDOWS\System32\bcrypt.dll
0x00007ffa2a1d0000 - 0x00007ffa2a2e4000 	C:\WINDOWS\System32\RPCRT4.dll
0x00007ffa0ce00000 - 0x00007ffa0ce09000 	C:\WINDOWS\SYSTEM32\WSOCK32.dll
0x00007ffa2a2f0000 - 0x00007ffa2a361000 	C:\WINDOWS\System32\WS2_32.dll
0x00007ffa21280000 - 0x00007ffa212b4000 	C:\WINDOWS\SYSTEM32\WINMM.dll
0x00007ffa214b0000 - 0x00007ffa214ba000 	C:\WINDOWS\SYSTEM32\VERSION.dll
0x00007ffa26de0000 - 0x00007ffa26df8000 	C:\WINDOWS\SYSTEM32\kernel.appcore.dll
0x00007ffa1bcf0000 - 0x00007ffa1bcfa000 	C:\Program Files\Android\Android Studio1\jbr\bin\jimage.dll
0x00007ffa1bf30000 - 0x00007ffa1c162000 	C:\WINDOWS\SYSTEM32\DBGHELP.DLL
0x00007ffa2a370000 - 0x00007ffa2a6fd000 	C:\WINDOWS\System32\combase.dll
0x00007ffa28b20000 - 0x00007ffa28bf7000 	C:\WINDOWS\System32\OLEAUT32.dll
0x00007ffa1b700000 - 0x00007ffa1b732000 	C:\WINDOWS\SYSTEM32\dbgcore.DLL
0x00007ffa284a0000 - 0x00007ffa2851b000 	C:\WINDOWS\System32\bcryptPrimitives.dll
0x00007ffa13750000 - 0x00007ffa13775000 	C:\Program Files\Android\Android Studio1\jbr\bin\java.dll
0x00007ffa13730000 - 0x00007ffa13748000 	C:\Program Files\Android\Android Studio1\jbr\bin\zip.dll
0x00007ffa29890000 - 0x00007ffa2a0f8000 	C:\WINDOWS\System32\SHELL32.dll
0x00007ffa25cf0000 - 0x00007ffa265ee000 	C:\WINDOWS\SYSTEM32\windows.storage.dll
0x00007ffa25bb0000 - 0x00007ffa25cef000 	C:\WINDOWS\SYSTEM32\wintypes.dll
0x00007ffa29550000 - 0x00007ffa29649000 	C:\WINDOWS\System32\SHCORE.dll
0x00007ffa28c00000 - 0x00007ffa28c5e000 	C:\WINDOWS\System32\shlwapi.dll
0x00007ffa27d20000 - 0x00007ffa27d41000 	C:\WINDOWS\SYSTEM32\profapi.dll
0x00007ffa10610000 - 0x00007ffa10629000 	C:\Program Files\Android\Android Studio1\jbr\bin\net.dll
0x00007ffa21140000 - 0x00007ffa21276000 	C:\WINDOWS\SYSTEM32\WINHTTP.dll
0x00007ffa27240000 - 0x00007ffa272a9000 	C:\WINDOWS\system32\mswsock.dll
0x00007ffa105f0000 - 0x00007ffa10606000 	C:\Program Files\Android\Android Studio1\jbr\bin\nio.dll
0x00007ffa1b440000 - 0x00007ffa1b450000 	C:\Program Files\Android\Android Studio1\jbr\bin\verify.dll

dbghelp: loaded successfully - version: 4.0.5 - missing functions: none
symbol engine: initialized successfully - sym options: 0x614 - pdb path: .;C:\Program Files\Android\Android Studio1\jbr\bin;C:\WINDOWS\SYSTEM32;C:\WINDOWS\WinSxS\amd64_microsoft.windows.common-controls_6595b64144ccf1df_6.0.22621.3672_none_2713b9d173822955;C:\Program Files\Android\Android Studio1\jbr\bin\server

VM Arguments:
java_command: org.jetbrains.kotlin.cli.jvm.K2JVMCompiler @C:\Users\ACER\AndroidStudioProjects\calculadora4\app\build\20240816_14644544578900824502.compiler.options
java_class_path (initial): C:\Users\ACER\.gradle\caches\modules-2\files-2.1\org.jetbrains.kotlin\kotlin-compiler-embeddable\1.9.22\9cd4dc7773cf2a99ecd961a88fbbc9a2da3fb5e1\kotlin-compiler-embeddable-1.9.22.jar;C:\Users\ACER\.gradle\caches\modules-2\files-2.1\org.jetbrains.kotlin\kotlin-stdlib\1.9.22\d6c44cd08d8f3f9bece8101216dbe6553365c6e3\kotlin-stdlib-1.9.22.jar;C:\Users\ACER\.gradle\caches\modules-2\files-2.1\org.jetbrains.kotlin\kotlin-script-runtime\1.9.22\f8139a46fc677ec9badc49ae954392f4f5e7e7c7\kotlin-script-runtime-1.9.22.jar;C:\Users\ACER\.gradle\caches\modules-2\files-2.1\org.jetbrains.kotlin\kotlin-reflect\1.6.10\1cbe9c92c12a94eea200d23c2bbaedaf3daf5132\kotlin-reflect-1.6.10.jar;C:\Users\ACER\.gradle\caches\modules-2\files-2.1\org.jetbrains.kotlin\kotlin-daemon-embeddable\1.9.22\20e2c5df715f3240c765cfc222530e2796542021\kotlin-daemon-embeddable-1.9.22.jar;C:\Users\ACER\.gradle\caches\modules-2\files-2.1\org.jetbrains.intellij.deps\trove4j\1.0.20200330\3afb14d5f9ceb459d724e907a21145e8ff394f02\trove4j-1.0.20200330.jar;C:\Users\ACER\.gradle\caches\modules-2\files-2.1\org.jetbrains\annotations\13.0\919f0dfe192fb4e063e7dacadee7f8bb9a2672a9\annotations-13.0.jar
Launcher Type: SUN_STANDARD

[Global flags]
     intx CICompilerCount                          = 3                                         {product} {ergonomic}
     uint ConcGCThreads                            = 1                                         {product} {ergonomic}
     uint G1ConcRefinementThreads                  = 4                                         {product} {ergonomic}
   size_t G1HeapRegionSize                         = 1048576                                   {product} {ergonomic}
    uintx GCDrainStackTargetSize                   = 64                                        {product} {ergonomic}
   size_t InitialHeapSize                          = 58720256                                  {product} {ergonomic}
   size_t MarkStackSize                            = 4194304                                   {product} {ergonomic}
   size_t MaxHeapSize                              = 924844032                                 {product} {ergonomic}
   size_t MaxNewSize                               = 554696704                                 {product} {ergonomic}
   size_t MinHeapDeltaBytes                        = 1048576                                   {product} {ergonomic}
   size_t MinHeapSize                              = 8388608                                   {product} {ergonomic}
    uintx NonNMethodCodeHeapSize                   = 5832780                                {pd product} {ergonomic}
    uintx NonProfiledCodeHeapSize                  = 122912730                              {pd product} {ergonomic}
    uintx ProfiledCodeHeapSize                     = 122912730                              {pd product} {ergonomic}
    uintx ReservedCodeCacheSize                    = 251658240                              {pd product} {ergonomic}
     bool SegmentedCodeCache                       = true                                      {product} {ergonomic}
   size_t SoftMaxHeapSize                          = 924844032                              {manageable} {ergonomic}
     bool UseCompressedClassPointers               = true                           {product lp64_product} {ergonomic}
     bool UseCompressedOops                        = true                           {product lp64_product} {ergonomic}
     bool UseG1GC                                  = true                                      {product} {ergonomic}
     bool UseLargePagesIndividualAllocation        = false                                  {pd product} {ergonomic}

Logging:
Log output configuration:
 #0: stdout all=warning uptime,level,tags
 #1: stderr all=off uptime,level,tags

Environment Variables:
PATH=C:\WINDOWS\system32;C:\WINDOWS;C:\WINDOWS\System32\Wbem;C:\WINDOWS\System32\WindowsPowerShell\v1.0\;C:\WINDOWS\System32\OpenSSH\;C:\Program Files\nodejs\;C:\ProgramData\chocolatey\bin;C:\Program Files\Git\cmd;C:\xampp\php;C:\ProgramData\ComposerSetup\bin;C:\Users\ACER\AppData\Local\Programs\Python\Python312\Scripts\;C:\Users\ACER\AppData\Local\Programs\Python\Python312\;C:\Program Files\MySQL\MySQL Shell 8.0\bin\;C:\Users\ACER\AppData\Local\Programs\Python\Python311\Scripts\;C:\Users\ACER\AppData\Local\Programs\Python\Python311\;C:\Users\ACER\AppData\Local\Microsoft\WindowsApps;C:\Users\ACER\AppData\Roaming\npm;C:\Program Files\MongoDB\Server\7.0\bin;D:\mongosh-2.1.0-win32-x64\mongosh-2.1.0-win32-x64\bin;C:\Users\ACER\AppData\Roaming\Composer\vendor\bin;C:\Users\ACER\AppData\Local\Programs\Microsoft VS Code\bin
USERNAME=ACER
OS=Windows_NT
PROCESSOR_IDENTIFIER=AMD64 Family 23 Model 24 Stepping 1, AuthenticAMD
TMP=C:\Users\ACER\AppData\Local\Temp
TEMP=C:\Users\ACER\AppData\Local\Temp


JNI global refs:
JNI global refs: 7, weak refs: 7

JNI global refs memory usage: 843, weak refs: 841

OOME stack traces (most recent first):
Classloader memory used:
Loader jdk.internal.loader.ClassLoaders$AppClassLoader                                 : 4582K
Loader bootstrap                                                                       : 1281K
Loader jdk.internal.reflect.DelegatingClassLoader                                      : 1817B


---------------  S Y S T E M  ---------------

OS:
 Windows 11 , 64 bit Build 22621 (10.0.22621.3958)
OS uptime: 1 days 2:09 hours
Hyper-V role detected

CPU: total 4 (initial active 4) (4 cores per cpu, 2 threads per core) family 23 model 24 stepping 1 microcode 0x0, cx8, cmov, fxsr, ht, mmx, 3dnowpref, sse, sse2, sse3, ssse3, sse4a, sse4.1, sse4.2, popcnt, lzcnt, tsc, tscinvbit, avx, avx2, aes, clmul, bmi1, bmi2, adx, sha, fma, vzeroupper, clflush, clflushopt, hv

Memory: 4k page, system-wide physical 3521M (285M free)
TotalPageFile size 14273M (AvailPageFile size 5M)
current process WorkingSet (physical memory assigned to process): 229M, peak: 229M
current process commit charge ("private bytes"): 261M, peak: 263M

vm_info: OpenJDK 64-Bit Server VM (17.0.7+0-b2043.56-10550314) for windows-amd64 JRE (17.0.7+0-b2043.56-10550314), built on Jul 24 2023 18:27:45 by "androidbuild" with MS VC++ 16.10 / 16.11 (VS2019)

END.
